2021-07-24 12:02:32 INFO  WaitHelper:52 - Driver is waited for[[ChromeDriver: chrome on WINDOWS (da1067e3f380b7776386665e0943c6b0)] -> id: email]to be seen for30
2021-07-24 12:05:30 INFO  WaitHelper:52 - Driver is waited for[[ChromeDriver: chrome on WINDOWS (0830bf4e21a601e397bab25da83ff15d)] -> id: email]to be seen for30
2021-07-24 12:08:27 INFO  WaitHelper:52 - Driver is waited for[[ChromeDriver: chrome on WINDOWS (cfcaa11f65bbec5456f527c5c8b238f7)] -> id: email]to be seen for30
2021-07-24 12:10:14 INFO  WaitHelper:52 - Driver is waited for[[ChromeDriver: chrome on WINDOWS (e3744aadd0dd514242676a7628d4f109)] -> id: email]to be seen for30
2021-07-24 12:11:45 INFO  WaitHelper:52 - Driver is waited for[[ChromeDriver: chrome on WINDOWS (f2518b604858826113ded3d411bad3a5)] -> id: email]to be seen for30
2021-07-24 12:12:55 INFO  LoggerHelper:27 - test
2021-07-24 12:14:30 INFO  WaitHelper:52 - Driver is waited for[[ChromeDriver: chrome on WINDOWS (6047959668dca9b75fc3b14a3c25f674)] -> id: email]to be seen for30
2021-07-24 12:16:01 INFO  WaitHelper:52 - Driver is waited for[[ChromeDriver: chrome on WINDOWS (27db10e80e9f40db8eb799562afe6339)] -> id: email]to be seen for30
2021-07-24 14:54:00 INFO  WaitHelper:52 - Driver is waited for[[ChromeDriver: chrome on WINDOWS (ac9fd8643112672f563d2fa949f7b0f4)] -> id: email]to be seen for30
2021-07-24 15:05:47 INFO  WaitHelper:52 - Driver is waited for[[ChromeDriver: chrome on WINDOWS (13d73ed6476d34b588a3af52f244cab9)] -> id: email]to be seen for30
2021-07-24 15:18:01 INFO  WaitHelper:52 - Driver is waited for[[ChromeDriver: chrome on WINDOWS (dfe9ee7a8b766f2e1c392ba29d1bb1cc)] -> id: email]to be seen for30
2021-07-24 15:19:29 INFO  WaitHelper:52 - Driver is waited for[[ChromeDriver: chrome on WINDOWS (aae7dce438e7c867e71f94fbf147501b)] -> id: email]to be seen for30
2021-07-24 20:16:45 INFO  WaitHelper:52 - Driver is waited for[[ChromeDriver: chrome on WINDOWS (b31ed9ae90c35d40686066556f18f06b)] -> id: email]to be seen for30
2021-07-24 22:10:42 INFO  WaitHelper:52 - Driver is waited for[[ChromeDriver: chrome on WINDOWS (d410794d4b5a9638cfb1d1189ad00e4e)] -> id: email]to be seen for30
2021-07-24 22:11:13 INFO  WaitHelper:52 - Driver is waited for[[ChromeDriver: chrome on WINDOWS (ea650c1817cb6a20000444e4a2dce4c6)] -> id: email]to be seen for30
2021-07-24 22:12:42 INFO  WaitHelper:52 - Driver is waited for[[ChromeDriver: chrome on WINDOWS (4a357ccd07d18484dc2fdf6be6461dff)] -> id: email]to be seen for30
2021-07-24 22:13:11 INFO  WaitHelper:52 - Driver is waited for[[ChromeDriver: chrome on WINDOWS (4b78d8adfb8ee3c74247a653aa847098)] -> id: email]to be seen for30
2021-07-24 22:14:15 INFO  WaitHelper:52 - Driver is waited for[[ChromeDriver: chrome on WINDOWS (d758f30249a3c3f8c9c98e23f95d6bc5)] -> id: email]to be seen for30
2021-07-24 22:14:30 INFO  WaitHelper:52 - Driver is waited for[[ChromeDriver: chrome on WINDOWS (41964df67d2681b632cdcc0e465d46c8)] -> id: email]to be seen for30
2021-07-24 22:42:34 INFO  WaitHelper:52 - Driver is waited for[[ChromeDriver: chrome on WINDOWS (84b11ac4fcef1f45b17ed287aceb2609)] -> id: email]to be seen for30
2021-07-24 22:43:03 INFO  WaitHelper:52 - Driver is waited for[[ChromeDriver: chrome on WINDOWS (dfc61d632a5ae767f9b5aad88c1942f2)] -> id: email]to be seen for30
2021-07-24 22:43:54 INFO  WaitHelper:52 - Driver is waited for[[ChromeDriver: chrome on WINDOWS (13b0dfdb3802067ae0d6df28d85fb747)] -> id: email]to be seen for30
2021-07-24 23:00:05 INFO  WaitHelper:52 - Driver is waited for[[ChromeDriver: chrome on WINDOWS (81c21992987a909b5568f9404b364fe5)] -> id: email]to be seen for30
2021-07-24 23:00:50 INFO  WaitHelper:52 - Driver is waited for[[ChromeDriver: chrome on WINDOWS (f868edb15995de6f454bfe505632de35)] -> id: email]to be seen for30
2021-07-24 23:07:30 INFO  WaitHelper:52 - Driver is waited for[[ChromeDriver: chrome on WINDOWS (a6e74236855070c2adec94e6071a0cf3)] -> id: email]to be seen for30
2021-07-24 23:07:51 INFO  WaitHelper:52 - Driver is waited for[[ChromeDriver: chrome on WINDOWS (dd29305cccb7a88bdd6aff9d41b3ea6b)] -> id: email]to be seen for30
2021-07-24 23:08:39 INFO  WaitHelper:52 - Driver is waited for[[ChromeDriver: chrome on WINDOWS (123104729bdf1441765496e7ca35583e)] -> id: email]to be seen for30
2021-07-24 23:16:17 INFO  WaitHelper:52 - Driver is waited for[[ChromeDriver: chrome on WINDOWS (750bd57bb59d9324c1747f1923eaaba6)] -> id: email]to be seen for30
2021-07-24 23:16:38 INFO  WaitHelper:52 - Driver is waited for[[ChromeDriver: chrome on WINDOWS (92c50d366f170bfc48ba6999d0a05523)] -> id: email]to be seen for30
2021-07-24 23:17:24 INFO  WaitHelper:52 - Driver is waited for[[ChromeDriver: chrome on WINDOWS (0d52fcaf98c9aa8b8e1cd78bd8e97907)] -> id: email]to be seen for30
2021-07-24 23:23:02 INFO  WaitHelper:52 - Driver is waited for[[ChromeDriver: chrome on WINDOWS (ef1d087e209fc7547b93500b36407eda)] -> id: email]to be seen for30
2021-07-24 23:23:23 INFO  WaitHelper:52 - Driver is waited for[[ChromeDriver: chrome on WINDOWS (4796c15b8b1ffc845ac88eb1084b0a17)] -> id: email]to be seen for30
2021-07-24 23:24:09 INFO  WaitHelper:52 - Driver is waited for[[ChromeDriver: chrome on WINDOWS (7d32ce657651839d99e36ba9be1842f7)] -> id: email]to be seen for30
2021-07-25 07:59:04 INFO  WaitHelper:52 - Driver is waited for[[ChromeDriver: chrome on WINDOWS (77f08e316b8c4ac4756769847c50f6c9)] -> id: email]to be seen for30
2021-07-25 08:21:53 INFO  WaitHelper:52 - Driver is waited for[[ChromeDriver: chrome on WINDOWS (2130e8a4ff4d2f075780f4c24189348c)] -> id: email]to be seen for30
2021-07-25 08:22:14 INFO  WaitHelper:52 - Driver is waited for[[ChromeDriver: chrome on WINDOWS (ea1baa867fe7e5dbf514673a371258ab)] -> id: email]to be seen for30
2021-07-25 08:23:01 INFO  WaitHelper:52 - Driver is waited for[[ChromeDriver: chrome on WINDOWS (9050bb94f699285b89b9a5315c8c5c1c)] -> id: email]to be seen for30
2021-07-25 10:43:09 INFO  WaitHelper:52 - Driver is waited for[[ChromeDriver: chrome on WINDOWS (052c3319ac2a772b42cf5faadff31876)] -> id: email]to be seen for30
2021-07-25 10:43:55 INFO  WaitHelper:52 - Driver is waited for[[ChromeDriver: chrome on WINDOWS (564009718b6fd1f89f2bab81fdfdc143)] -> id: email]to be seen for30
2021-07-25 11:12:21 INFO  WaitHelper:52 - Driver is waited for[[ChromeDriver: chrome on WINDOWS (290b156721c114baa86a41584b707c7f)] -> id: email]to be seen for30
2021-07-25 11:12:43 INFO  WaitHelper:52 - Driver is waited for[[ChromeDriver: chrome on WINDOWS (a9e5c72147bcad54575ff4007b5fcaa4)] -> id: email]to be seen for30
2021-07-25 11:13:28 INFO  WaitHelper:52 - Driver is waited for[[ChromeDriver: chrome on WINDOWS (7fe820cd173a5cfb272012c5555dddeb)] -> id: email]to be seen for30
2021-07-25 11:13:43 WARN  FileSystemFontProvider:582 - New fonts found, font cache will be re-built
2021-07-25 11:13:43 WARN  FileSystemFontProvider:335 - Building on-disk font cache, this may take a while
2021-07-25 11:13:44 WARN  FileSystemFontProvider:338 - Finished building on-disk font cache, found 462 fonts
2021-07-25 11:23:58 INFO  WaitHelper:52 - Driver is waited for[[ChromeDriver: chrome on WINDOWS (aca62d3314cae188c141eb2ad673cfe1)] -> id: email]to be seen for30
2021-07-25 11:24:19 INFO  WaitHelper:52 - Driver is waited for[[ChromeDriver: chrome on WINDOWS (13a9806f3cb7ba817d7afd5ded1bc1a9)] -> id: email]to be seen for30
2021-07-25 11:25:06 INFO  WaitHelper:52 - Driver is waited for[[ChromeDriver: chrome on WINDOWS (03847a8b0449f30b741d4c0435e2271c)] -> id: email]to be seen for30
2021-07-27 10:30:08 WARN  FileSystemFontProvider:582 - New fonts found, font cache will be re-built
2021-07-27 10:30:08 WARN  FileSystemFontProvider:335 - Building on-disk font cache, this may take a while
2021-07-27 10:30:10 WARN  FileSystemFontProvider:338 - Finished building on-disk font cache, found 372 fonts
2021-07-27 17:33:23 INFO  WaitHelper:52 - Driver is waited for[[ChromeDriver: chrome on WINDOWS (06c91ab1ffdc09422845aa5863341423)] -> id: email]to be seen for30
2021-07-27 17:33:25 INFO  WaitHelper:52 - Driver is waited for[[ChromeDriver: chrome on WINDOWS (fca4ff17a7ea3308dd7d644fa70517ed)] -> id: email]to be seen for30
2021-07-27 17:39:06 INFO  WaitHelper:52 - Driver is waited for[[ChromeDriver: chrome on WINDOWS (96a27223a87a45261b9b48991446e6bf)] -> id: email]to be seen for30
2021-07-27 17:39:07 INFO  WaitHelper:52 - Driver is waited for[[ChromeDriver: chrome on WINDOWS (290345d7e7b7106dad6196c83b2d3722)] -> id: email]to be seen for30
2021-08-15 15:25:20 INFO  WaitHelper:52 - Driver is waited for[[ChromeDriver: chrome on WINDOWS (44a5916fe7fbe01e9a0b18d9397506c1)] -> id: email]to be seen for30
2021-08-16 13:46:11 INFO  WaitHelper:52 - Driver is waited for[[ChromeDriver: chrome on WINDOWS (1628b7c1887e3c7cdba62800545d3b3e)] -> id: email]to be seen for30
2021-08-16 13:46:24 INFO  WaitHelper:52 - Driver is waited for[[ChromeDriver: chrome on WINDOWS (57a2b12cda290f0a4a597057144a70a3)] -> id: email]to be seen for30
2021-08-16 13:49:37 INFO  WaitHelper:52 - Driver is waited for[[ChromeDriver: chrome on WINDOWS (2a0de03e55488302c083aa4d46c65031)] -> id: email]to be seen for30
2021-08-16 16:48:19 INFO  WaitHelper:52 - Driver is waited for[[ChromeDriver: chrome on WINDOWS (9c9a16e6108c2a4298354beb7969b82e)] -> id: email]to be seen for30
2021-08-16 16:50:14 INFO  WaitHelper:52 - Driver is waited for[[ChromeDriver: chrome on WINDOWS (49340fd12600f510e31eddfc6ea82999)] -> id: email]to be seen for30
2021-08-16 16:50:26 INFO  WaitHelper:52 - Driver is waited for[[ChromeDriver: chrome on WINDOWS (63c5b76b9dc6f3a9ca70310e88084caa)] -> id: email]to be seen for30
2021-08-16 17:11:46 INFO  WaitHelper:52 - Driver is waited for[[ChromeDriver: chrome on WINDOWS (2ea85e577f9e96719777c9471db6aad0)] -> id: email]to be seen for30
2021-08-16 17:13:07 INFO  WaitHelper:52 - Driver is waited for[[ChromeDriver: chrome on WINDOWS (0bcffa8b4691c6cff89a39f0adb6e330)] -> id: email]to be seen for30
2021-08-16 22:40:10 INFO  WaitHelper:52 - Driver is waited for[[ChromeDriver: chrome on WINDOWS (634b77e8c6556eee7d66528ff65290e9)] -> id: email]to be seen for30
2021-08-16 22:41:42 INFO  WaitHelper:52 - Driver is waited for[[ChromeDriver: chrome on WINDOWS (edfb579becd06c3076835af919d49308)] -> id: email]to be seen for30
2021-08-16 23:01:05 INFO  WaitHelper:52 - Driver is waited for[[ChromeDriver: chrome on WINDOWS (3cb81f4e1b29eb4df917de49adf91a1d)] -> id: email]to be seen for30
2021-08-16 23:01:37 INFO  WaitHelper:52 - Driver is waited for[[ChromeDriver: chrome on WINDOWS (7cd95d057e4bd2cda5040ddbc27f4aee)] -> id: email]to be seen for30
2021-08-17 11:30:47 INFO  WaitHelper:52 - Driver is waited for[[ChromeDriver: chrome on WINDOWS (11c0d742c8099737eba070efdd108d29)] -> id: email]to be seen for30
2021-08-17 11:36:31 INFO  WaitHelper:52 - Driver is waited for[[ChromeDriver: chrome on WINDOWS (f7a053271b291c67d41a48bb30629651)] -> id: email]to be seen for30
2021-08-17 11:49:55 INFO  WaitHelper:52 - Driver is waited for[[ChromeDriver: chrome on WINDOWS (0b7f9ec89bee9d044a480744be5994ac)] -> id: email]to be seen for30
2021-08-17 11:56:15 INFO  WaitHelper:52 - Driver is waited for[[ChromeDriver: chrome on WINDOWS (af58d5862f5903126261563745a4ba8a)] -> id: email]to be seen for30
2021-08-17 12:00:07 INFO  WaitHelper:52 - Driver is waited for[[ChromeDriver: chrome on WINDOWS (f88ac3e52804048c0baa41380500ff77)] -> id: email]to be seen for30
2021-08-17 12:03:33 INFO  WaitHelper:52 - Driver is waited for[[ChromeDriver: chrome on WINDOWS (d8e6d63dc9b1058a6c9aa3aff3d85d1b)] -> id: email]to be seen for30
2021-08-17 12:03:56 INFO  WaitHelper:52 - Driver is waited for[[ChromeDriver: chrome on WINDOWS (d9c2ae961c2596269d057bac304080ab)] -> id: email]to be seen for30
2021-08-17 12:06:09 INFO  WaitHelper:52 - Driver is waited for[[ChromeDriver: chrome on WINDOWS (3d96ec9bfefcadc2188580d9196f1fc1)] -> id: email]to be seen for30
2021-08-17 12:06:29 INFO  WaitHelper:52 - Driver is waited for[[ChromeDriver: chrome on WINDOWS (06970deaee52efc8298f0cbe7d1df655)] -> id: email]to be seen for30
2021-08-17 12:25:39 INFO  WaitHelper:52 - Driver is waited for[[ChromeDriver: chrome on WINDOWS (f2f0b366646769865fb5ab26f2140c92)] -> id: email]to be seen for30
2021-08-17 12:26:27 INFO  WaitHelper:52 - Driver is waited for[[ChromeDriver: chrome on WINDOWS (c03ae1302c504beeb3aa56ced6f025ca)] -> id: email]to be seen for30
2021-08-17 12:28:06 INFO  WaitHelper:52 - Driver is waited for[[ChromeDriver: chrome on WINDOWS (b0ff4253ce70317458bd631ad11da93b)] -> id: email]to be seen for30
2021-08-17 12:28:10 INFO  WaitHelper:52 - Driver is waited for[[ChromeDriver: chrome on WINDOWS (7561a894c5d82686d75e4d56c6f6c6aa)] -> id: email]to be seen for30
2021-08-17 12:28:14 INFO  WaitHelper:52 - Driver is waited for[[ChromeDriver: chrome on WINDOWS (18fc0618e2f4ca54716bda2550dd934c)] -> id: email]to be seen for30
2021-08-17 12:28:15 INFO  WaitHelper:52 - Driver is waited for[[ChromeDriver: chrome on WINDOWS (4b511ccac297167d1c551118a8138d93)] -> id: email]to be seen for30
2021-08-17 13:43:56 INFO  WaitHelper:52 - Driver is waited for[[ChromeDriver: chrome on WINDOWS (46cad6ab3afb6e6b71bf68754dc2e657)] -> id: email]to be seen for30
2021-08-17 13:43:58 INFO  WaitHelper:52 - Driver is waited for[[ChromeDriver: chrome on WINDOWS (db7c7bb6c2002e7286a19f57208b7d66)] -> id: email]to be seen for30
2021-08-17 13:44:03 INFO  WaitHelper:52 - Driver is waited for[[ChromeDriver: chrome on WINDOWS (e87c32af1f4ba165f0330d1635ce67a3)] -> id: email]to be seen for30
2021-08-17 13:44:05 INFO  WaitHelper:52 - Driver is waited for[[ChromeDriver: chrome on WINDOWS (a171401dcfed9d25e6ce838940691555)] -> id: email]to be seen for30
2021-08-17 13:55:58 INFO  WaitHelper:52 - Driver is waited for[[ChromeDriver: chrome on WINDOWS (102d24d4c8b756d83125bd50ff4a90c9)] -> id: email]to be seen for30
2021-08-17 14:23:31 INFO  WaitHelper:52 - Driver is waited for[[ChromeDriver: chrome on WINDOWS (acc0717fec99b4706bd612310369fd65)] -> id: email]to be seen for30
2021-08-17 14:23:39 INFO  WaitHelper:52 - Driver is waited for[[ChromeDriver: chrome on WINDOWS (b80003295b042b3110c93cb5936d3580)] -> id: email]to be seen for30
2021-08-17 14:24:50 INFO  WaitHelper:52 - Driver is waited for[[ChromeDriver: chrome on WINDOWS (2b5f56e222c895402dc4142a4da8084d)] -> id: email]to be seen for30
2021-08-17 14:24:52 INFO  WaitHelper:52 - Driver is waited for[[ChromeDriver: chrome on WINDOWS (8dc9702d9aabdb68d87e8bc447b701ea)] -> id: email]to be seen for30
2021-08-17 14:24:52 INFO  WaitHelper:52 - Driver is waited for[[ChromeDriver: chrome on WINDOWS (88fdc8bb93f5b851ebfd5d7f52b2efc9)] -> id: email]to be seen for30
2021-08-17 14:24:58 INFO  WaitHelper:52 - Driver is waited for[[ChromeDriver: chrome on WINDOWS (6023ede8ee99ec42d1c486c0eef6789c)] -> id: email]to be seen for30
2021-08-17 14:27:21 INFO  WaitHelper:52 - Driver is waited for[[ChromeDriver: chrome on WINDOWS (ce72c7a2b53f07e8b8cd6ef7a5ff288d)] -> id: email]to be seen for30
2021-08-17 14:54:19 INFO  WaitHelper:52 - Driver is waited for[[ChromeDriver: chrome on WINDOWS (a0287c4225cd35178e4a9c78cbfe4036)] -> id: email]to be seen for30
2021-08-17 14:54:19 INFO  WaitHelper:52 - Driver is waited for[[ChromeDriver: chrome on WINDOWS (a3601b1ff4143070e9f98edbba9bcf1f)] -> id: email]to be seen for30
2021-08-17 14:54:22 INFO  WaitHelper:52 - Driver is waited for[[ChromeDriver: chrome on WINDOWS (b375d2f724a841e0d7ed40e99e160ac0)] -> id: email]to be seen for30
2021-08-17 14:54:25 INFO  WaitHelper:52 - Driver is waited for[[ChromeDriver: chrome on WINDOWS (46823e1cc6145d95770e6a9e45306392)] -> id: email]to be seen for30
2021-08-18 09:15:14 INFO  WaitHelper:52 - Driver is waited for[[ChromeDriver: chrome on WINDOWS (6928132ce45cb75a0f52bfb01dd86e89)] -> id: email]to be seen for30
2021-08-18 09:15:17 INFO  WaitHelper:52 - Driver is waited for[[ChromeDriver: chrome on WINDOWS (9ca32daef6f382df4ebde09332d72e49)] -> id: email]to be seen for30
2021-08-18 09:15:20 INFO  WaitHelper:52 - Driver is waited for[[ChromeDriver: chrome on WINDOWS (26d5a1ecd82654a29128eb14dc955c7b)] -> id: email]to be seen for30
2021-08-18 09:15:23 INFO  WaitHelper:52 - Driver is waited for[[ChromeDriver: chrome on WINDOWS (c3806772c51ee33e326b4df5027dd16d)] -> id: email]to be seen for30
2021-09-14 12:05:59 INFO  WaitHelper:52 - Driver is waited for[[ChromeDriver: chrome on WINDOWS (aa47234b94529301fdcc405a0849f4be)] -> id: email]to be seen for30
2021-09-14 12:06:09 INFO  WaitHelper:52 - Driver is waited for[[ChromeDriver: chrome on WINDOWS (19037b6bf2cea3d0dc3fe203e1905faf)] -> id: email]to be seen for30
2021-09-14 12:06:18 INFO  WaitHelper:52 - Driver is waited for[[ChromeDriver: chrome on WINDOWS (78eda41778d1c210cc02d2665e2c36c0)] -> id: email]to be seen for30
2021-09-14 12:06:32 INFO  WaitHelper:52 - Driver is waited for[[ChromeDriver: chrome on WINDOWS (d95329351f3a5ee8943a3b16868dc447)] -> id: email]to be seen for30
2021-09-14 12:11:27 INFO  WaitHelper:52 - Driver is waited for[[ChromeDriver: chrome on WINDOWS (076fe9a2b888785154c0a84c6b55ffba)] -> id: email]to be seen for30
2021-09-14 12:11:31 INFO  WaitHelper:52 - Driver is waited for[[ChromeDriver: chrome on WINDOWS (e9516f68d5f6b669f4ebaf006fa6d4c3)] -> id: email]to be seen for30
2021-09-14 12:11:34 INFO  WaitHelper:52 - Driver is waited for[[ChromeDriver: chrome on WINDOWS (7374f7a714da8e95a7ca912529d6eac1)] -> id: email]to be seen for30
2021-09-14 12:11:35 INFO  WaitHelper:52 - Driver is waited for[[ChromeDriver: chrome on WINDOWS (a6a3c6ae20dfa713b91edd745033f17a)] -> id: email]to be seen for30
